09:44:30 **** Build of configuration Debug for project 0020LED_tasks ****
make -j16 all 
arm-none-eabi-gcc -o "0020LED_tasks.elf" @"objects.list"   -mcpu=cortex-m4 -T"D:\Embedded\STM32_Workspace\0020LED_tasks\STM32F407VGTX_FLASH.ld" --specs=nosys.specs -Wl,-Map="0020LED_tasks.map" -Wl,--gc-sections -static --specs=nano.specs -mfpu=fpv4-sp-d16 -mfloat-abi=hard -mthumb -Wl,--start-group -lc -lm -Wl,--end-group
C:/ST/STM32CubeIDE_2.0.0/STM32CubeIDE/plugins/com.st.stm32cube.ide.mcu.externaltools.gnu-tools-for-stm32.13.3.rel1.win32_1.0.100.202509120712/tools/bin/../lib/gcc/arm-none-eabi/13.3.1/../../../../arm-none-eabi/bin/ld.exe: ./Core/Src/main.o: in function `main':
D:/Embedded/STM32_Workspace/0020LED_tasks/Debug/../Core/Src/main.c:101:(.text.main+0x1e): undefined reference to `SEGGER_SYSVIEW_Conf'
C:/ST/STM32CubeIDE_2.0.0/STM32CubeIDE/plugins/com.st.stm32cube.ide.mcu.externaltools.gnu-tools-for-stm32.13.3.rel1.win32_1.0.100.202509120712/tools/bin/../lib/gcc/arm-none-eabi/13.3.1/../../../../arm-none-eabi/bin/ld.exe: D:/Embedded/STM32_Workspace/0020LED_tasks/Debug/../Core/Src/main.c:102:(.text.main+0x22): undefined reference to `SEGGER_SYSVIEW_Start'
C:/ST/STM32CubeIDE_2.0.0/STM32CubeIDE/plugins/com.st.stm32cube.ide.mcu.externaltools.gnu-tools-for-stm32.13.3.rel1.win32_1.0.100.202509120712/tools/bin/../lib/gcc/arm-none-eabi/13.3.1/../../../../arm-none-eabi/bin/ld.exe: D:/Embedded/STM32_Workspace/0020LED_tasks/Debug/../Core/Src/main.c:104:(.text.main+0x38): undefined reference to `xTaskCreate'
C:/ST/STM32CubeIDE_2.0.0/STM32CubeIDE/plugins/com.st.stm32cube.ide.mcu.externaltools.gnu-tools-for-stm32.13.3.rel1.win32_1.0.100.202509120712/tools/bin/../lib/gcc/arm-none-eabi/13.3.1/../../../../arm-none-eabi/bin/ld.exe: D:/Embedded/STM32_Workspace/0020LED_tasks/Debug/../Core/Src/main.c:108:(.text.main+0x6e): undefined reference to `xTaskCreate'
C:/ST/STM32CubeIDE_2.0.0/STM32CubeIDE/plugins/com.st.stm32cube.ide.mcu.externaltools.gnu-tools-for-stm32.13.3.rel1.win32_1.0.100.202509120712/tools/bin/../lib/gcc/arm-none-eabi/13.3.1/../../../../arm-none-eabi/bin/ld.exe: D:/Embedded/STM32_Workspace/0020LED_tasks/Debug/../Core/Src/main.c:112:(.text.main+0xa2): undefined reference to `xTaskCreate'
C:/ST/STM32CubeIDE_2.0.0/STM32CubeIDE/plugins/com.st.stm32cube.ide.mcu.externaltools.gnu-tools-for-stm32.13.3.rel1.win32_1.0.100.202509120712/tools/bin/../lib/gcc/arm-none-eabi/13.3.1/../../../../arm-none-eabi/bin/ld.exe: D:/Embedded/STM32_Workspace/0020LED_tasks/Debug/../Core/Src/main.c:117:(.text.main+0xc6): undefined reference to `vTaskStartScheduler'
C:/ST/STM32CubeIDE_2.0.0/STM32CubeIDE/plugins/com.st.stm32cube.ide.mcu.externaltools.gnu-tools-for-stm32.13.3.rel1.win32_1.0.100.202509120712/tools/bin/../lib/gcc/arm-none-eabi/13.3.1/../../../../arm-none-eabi/bin/ld.exe: ./Core/Src/main.o: in function `led_green_handler':
D:/Embedded/STM32_Workspace/0020LED_tasks/Debug/../Core/Src/main.c:327:(.text.led_green_handler+0xa): undefined reference to `SEGGER_SYSVIEW_PrintfTarget'
C:/ST/STM32CubeIDE_2.0.0/STM32CubeIDE/plugins/com.st.stm32cube.ide.mcu.externaltools.gnu-tools-for-stm32.13.3.rel1.win32_1.0.100.202509120712/tools/bin/../lib/gcc/arm-none-eabi/13.3.1/../../../../arm-none-eabi/bin/ld.exe: ./Core/Src/main.o: in function `led_orange_handler':
D:/Embedded/STM32_Workspace/0020LED_tasks/Debug/../Core/Src/main.c:339:(.text.led_orange_handler+0xa): undefined reference to `SEGGER_SYSVIEW_PrintfTarget'
C:/ST/STM32CubeIDE_2.0.0/STM32CubeIDE/plugins/com.st.stm32cube.ide.mcu.externaltools.gnu-tools-for-stm32.13.3.rel1.win32_1.0.100.202509120712/tools/bin/../lib/gcc/arm-none-eabi/13.3.1/../../../../arm-none-eabi/bin/ld.exe: ./Core/Src/main.o: in function `led_red_handler':
D:/Embedded/STM32_Workspace/0020LED_tasks/Debug/../Core/Src/main.c:351:(.text.led_red_handler+0xa): undefined reference to `SEGGER_SYSVIEW_PrintfTarget'
C:/ST/STM32CubeIDE_2.0.0/STM32CubeIDE/plugins/com.st.stm32cube.ide.mcu.externaltools.gnu-tools-for-stm32.13.3.rel1.win32_1.0.100.202509120712/tools/bin/../lib/gcc/arm-none-eabi/13.3.1/../../../../arm-none-eabi/bin/ld.exe: ./Core/Src/stm32f4xx_hal_msp.o: in function `HAL_MspInit':
D:/Embedded/STM32_Workspace/0020LED_tasks/Debug/../Core/Src/stm32f4xx_hal_msp.c:77:(.text.HAL_MspInit+0x3e): undefined reference to `vInitPrioGroupValue'
collect2.exe: error: ld returned 1 exit status
make: *** [makefile:64: 0020LED_tasks.elf] Error 1
"make -j16 all" terminated with exit code 2. Build might be incomplete.

09:44:30 Build Failed. 11 errors, 0 warnings. (took 590ms)

