09:58:39 **** Incremental Build of configuration Debug for project 003LED_tasks ****
make -j16 all 
arm-none-eabi-gcc "../Core/Src/main.c" -mcpu=cortex-m4 -std=gnu11 -g3 -DDEBUG -DUSE_HAL_DRIVER -DSTM32F407xx -c -I../Core/Inc -I../Drivers/STM32F4xx_HAL_Driver/Inc -I../Drivers/STM32F4xx_HAL_Driver/Inc/Legacy -I../Drivers/CMSIS/Device/ST/STM32F4xx/Include -I../Drivers/CMSIS/Include -I"D:/Embedded/STM32_Workspace/common/ThirdParty/FreeRTOS/include" -I"D:/Embedded/STM32_Workspace/common/ThirdParty/SEGGER/Config" -I"D:/Embedded/STM32_Workspace/common/ThirdParty/SEGGER/OS" -I"D:/Embedded/STM32_Workspace/common/ThirdParty/SEGGER/SEGGER" -I"D:/Embedded/STM32_Workspace/common/ThirdParty/FreeRTOS/portable/GCC/ARM_CM4F" -O0 -ffunction-sections -fdata-sections -Wall -fstack-usage -fcyclomatic-complexity -MMD -MP -MF"Core/Src/main.d" -MT"Core/Src/main.o" --specs=nano.specs -mfpu=fpv4-sp-d16 -mfloat-abi=hard -mthumb -o "Core/Src/main.o"
arm-none-eabi-gcc "../Core/Src/stm32f4xx_hal_msp.c" -mcpu=cortex-m4 -std=gnu11 -g3 -DDEBUG -DUSE_HAL_DRIVER -DSTM32F407xx -c -I../Core/Inc -I../Drivers/STM32F4xx_HAL_Driver/Inc -I../Drivers/STM32F4xx_HAL_Driver/Inc/Legacy -I../Drivers/CMSIS/Device/ST/STM32F4xx/Include -I../Drivers/CMSIS/Include -I"D:/Embedded/STM32_Workspace/common/ThirdParty/FreeRTOS/include" -I"D:/Embedded/STM32_Workspace/common/ThirdParty/SEGGER/Config" -I"D:/Embedded/STM32_Workspace/common/ThirdParty/SEGGER/OS" -I"D:/Embedded/STM32_Workspace/common/ThirdParty/SEGGER/SEGGER" -I"D:/Embedded/STM32_Workspace/common/ThirdParty/FreeRTOS/portable/GCC/ARM_CM4F" -O0 -ffunction-sections -fdata-sections -Wall -fstack-usage -fcyclomatic-complexity -MMD -MP -MF"Core/Src/stm32f4xx_hal_msp.d" -MT"Core/Src/stm32f4xx_hal_msp.o" --specs=nano.specs -mfpu=fpv4-sp-d16 -mfloat-abi=hard -mthumb -o "Core/Src/stm32f4xx_hal_msp.o"
arm-none-eabi-gcc "../Core/Src/stm32f4xx_it.c" -mcpu=cortex-m4 -std=gnu11 -g3 -DDEBUG -DUSE_HAL_DRIVER -DSTM32F407xx -c -I../Core/Inc -I../Drivers/STM32F4xx_HAL_Driver/Inc -I../Drivers/STM32F4xx_HAL_Driver/Inc/Legacy -I../Drivers/CMSIS/Device/ST/STM32F4xx/Include -I../Drivers/CMSIS/Include -I"D:/Embedded/STM32_Workspace/common/ThirdParty/FreeRTOS/include" -I"D:/Embedded/STM32_Workspace/common/ThirdParty/SEGGER/Config" -I"D:/Embedded/STM32_Workspace/common/ThirdParty/SEGGER/OS" -I"D:/Embedded/STM32_Workspace/common/ThirdParty/SEGGER/SEGGER" -I"D:/Embedded/STM32_Workspace/common/ThirdParty/FreeRTOS/portable/GCC/ARM_CM4F" -O0 -ffunction-sections -fdata-sections -Wall -fstack-usage -fcyclomatic-complexity -MMD -MP -MF"Core/Src/stm32f4xx_it.d" -MT"Core/Src/stm32f4xx_it.o" --specs=nano.specs -mfpu=fpv4-sp-d16 -mfloat-abi=hard -mthumb -o "Core/Src/stm32f4xx_it.o"
arm-none-eabi-gcc -o "003LED_tasks.elf" @"objects.list"   -mcpu=cortex-m4 -T"D:\Embedded\STM32_Workspace\003LED_tasks\STM32F407VGTX_FLASH.ld" --specs=nosys.specs -Wl,-Map="003LED_tasks.map" -Wl,--gc-sections -static --specs=nano.specs -mfpu=fpv4-sp-d16 -mfloat-abi=hard -mthumb -Wl,--start-group -lc -lm -Wl,--end-group
C:/ST/STM32CubeIDE_2.0.0/STM32CubeIDE/plugins/com.st.stm32cube.ide.mcu.externaltools.gnu-tools-for-stm32.13.3.rel1.win32_1.0.100.202509120712/tools/bin/../lib/gcc/arm-none-eabi/13.3.1/../../../../arm-none-eabi/bin/ld.exe: ./Core/Src/main.o: in function `main':
D:/Embedded/STM32_Workspace/003LED_tasks/Debug/../Core/Src/main.c:114:(.text.main+0x1e): undefined reference to `SEGGER_SYSVIEW_Conf'
C:/ST/STM32CubeIDE_2.0.0/STM32CubeIDE/plugins/com.st.stm32cube.ide.mcu.externaltools.gnu-tools-for-stm32.13.3.rel1.win32_1.0.100.202509120712/tools/bin/../lib/gcc/arm-none-eabi/13.3.1/../../../../arm-none-eabi/bin/ld.exe: D:/Embedded/STM32_Workspace/003LED_tasks/Debug/../Core/Src/main.c:115:(.text.main+0x22): undefined reference to `SEGGER_SYSVIEW_Start'
C:/ST/STM32CubeIDE_2.0.0/STM32CubeIDE/plugins/com.st.stm32cube.ide.mcu.externaltools.gnu-tools-for-stm32.13.3.rel1.win32_1.0.100.202509120712/tools/bin/../lib/gcc/arm-none-eabi/13.3.1/../../../../arm-none-eabi/bin/ld.exe: D:/Embedded/STM32_Workspace/003LED_tasks/Debug/../Core/Src/main.c:117:(.text.main+0x38): undefined reference to `xTaskCreate'
C:/ST/STM32CubeIDE_2.0.0/STM32CubeIDE/plugins/com.st.stm32cube.ide.mcu.externaltools.gnu-tools-for-stm32.13.3.rel1.win32_1.0.100.202509120712/tools/bin/../lib/gcc/arm-none-eabi/13.3.1/../../../../arm-none-eabi/bin/ld.exe: D:/Embedded/STM32_Workspace/003LED_tasks/Debug/../Core/Src/main.c:121:(.text.main+0x6e): undefined reference to `xTaskCreate'
C:/ST/STM32CubeIDE_2.0.0/STM32CubeIDE/plugins/com.st.stm32cube.ide.mcu.externaltools.gnu-tools-for-stm32.13.3.rel1.win32_1.0.100.202509120712/tools/bin/../lib/gcc/arm-none-eabi/13.3.1/../../../../arm-none-eabi/bin/ld.exe: D:/Embedded/STM32_Workspace/003LED_tasks/Debug/../Core/Src/main.c:125:(.text.main+0xa2): undefined reference to `xTaskCreate'
C:/ST/STM32CubeIDE_2.0.0/STM32CubeIDE/plugins/com.st.stm32cube.ide.mcu.externaltools.gnu-tools-for-stm32.13.3.rel1.win32_1.0.100.202509120712/tools/bin/../lib/gcc/arm-none-eabi/13.3.1/../../../../arm-none-eabi/bin/ld.exe: D:/Embedded/STM32_Workspace/003LED_tasks/Debug/../Core/Src/main.c:130:(.text.main+0xc6): undefined reference to `vTaskStartScheduler'
C:/ST/STM32CubeIDE_2.0.0/STM32CubeIDE/plugins/com.st.stm32cube.ide.mcu.externaltools.gnu-tools-for-stm32.13.3.rel1.win32_1.0.100.202509120712/tools/bin/../lib/gcc/arm-none-eabi/13.3.1/../../../../arm-none-eabi/bin/ld.exe: ./Core/Src/main.o: in function `led_green_handler':
D:/Embedded/STM32_Workspace/003LED_tasks/Debug/../Core/Src/main.c:342:(.text.led_green_handler+0xa): undefined reference to `SEGGER_SYSVIEW_PrintfTarget'
C:/ST/STM32CubeIDE_2.0.0/STM32CubeIDE/plugins/com.st.stm32cube.ide.mcu.externaltools.gnu-tools-for-stm32.13.3.rel1.win32_1.0.100.202509120712/tools/bin/../lib/gcc/arm-none-eabi/13.3.1/../../../../arm-none-eabi/bin/ld.exe: ./Core/Src/main.o: in function `led_orange_handler':
D:/Embedded/STM32_Workspace/003LED_tasks/Debug/../Core/Src/main.c:354:(.text.led_orange_handler+0xa): undefined reference to `SEGGER_SYSVIEW_PrintfTarget'
C:/ST/STM32CubeIDE_2.0.0/STM32CubeIDE/plugins/com.st.stm32cube.ide.mcu.externaltools.gnu-tools-for-stm32.13.3.rel1.win32_1.0.100.202509120712/tools/bin/../lib/gcc/arm-none-eabi/13.3.1/../../../../arm-none-eabi/bin/ld.exe: ./Core/Src/main.o: in function `led_red_handler':
D:/Embedded/STM32_Workspace/003LED_tasks/Debug/../Core/Src/main.c:366:(.text.led_red_handler+0xa): undefined reference to `SEGGER_SYSVIEW_PrintfTarget'
C:/ST/STM32CubeIDE_2.0.0/STM32CubeIDE/plugins/com.st.stm32cube.ide.mcu.externaltools.gnu-tools-for-stm32.13.3.rel1.win32_1.0.100.202509120712/tools/bin/../lib/gcc/arm-none-eabi/13.3.1/../../../../arm-none-eabi/bin/ld.exe: ./Core/Src/stm32f4xx_hal_msp.o: in function `HAL_MspInit':
D:/Embedded/STM32_Workspace/003LED_tasks/Debug/../Core/Src/stm32f4xx_hal_msp.c:77:(.text.HAL_MspInit+0x3e): undefined reference to `vInitPrioGroupValue'
collect2.exe: error: ld returned 1 exit status
make: *** [makefile:64: 003LED_tasks.elf] Error 1
"make -j16 all" terminated with exit code 2. Build might be incomplete.

09:58:39 Build Failed. 11 errors, 0 warnings. (took 561ms)

