2026-01-24 17:55:30,690 [INFO] Activator:176 - 


2026-01-24 17:55:30,702 [INFO] Activator:177 - !SESSION log4j initialized
2026-01-24 17:55:34,744 [INFO] LogOutputStream:77 - [STDOUT_REDIRECT] 
2026-01-24 18:04:25,282 [ERROR] ConfigurationRetriever:142 - IOException on connection: sw-center.st.com
2026-01-24 18:04:25,282 [ERROR] ConfigurationRetriever:142 - IOException on connection: sw-center.st.com
2026-01-24 18:04:25,282 [ERROR] ConfigurationRetriever:142 - IOException on connection: sw-center.st.com
2026-01-24 18:04:25,299 [ERROR] ConfigurationRetriever:142 - IOException on connection: sw-center.st.com
2026-01-24 18:04:25,299 [ERROR] ConfigurationRetriever:142 - IOException on connection: sw-center.st.com
2026-01-24 18:04:25,299 [ERROR] ConfigurationRetriever:142 - IOException on connection: sw-center.st.com
2026-01-24 18:04:49,856 [ERROR] ConfigurationRetriever:142 - IOException on connection: Connect timed out
2026-01-24 18:04:51,856 [ERROR] ConfigurationRetriever:142 - IOException on connection: Connect timed out
2026-01-24 18:04:53,860 [ERROR] ConfigurationRetriever:142 - IOException on connection: Connect timed out
2026-01-24 19:55:58,185 [ERROR] ConfigurationRetriever:142 - IOException on connection: Read timed out
2026-01-24 20:33:54,669 [INFO] LogOutputStream:77 - [STDOUT_REDIRECT] StartTraceHandler.execute(), success : Collect=true
2026-01-24 23:45:49,412 [ERROR] ConfigurationRetriever:142 - IOException on connection: Read timed out
2026-01-24 23:45:51,414 [ERROR] ConfigurationRetriever:142 - IOException on connection: Connect timed out
2026-01-24 23:45:53,416 [ERROR] ConfigurationRetriever:142 - IOException on connection: Connect timed out
2026-01-24 23:45:55,434 [ERROR] ConfigurationRetriever:142 - IOException on connection: Connect timed out
2026-01-24 23:45:57,436 [ERROR] ConfigurationRetriever:142 - IOException on connection: Connect timed out
2026-01-24 23:45:59,438 [ERROR] ConfigurationRetriever:142 - IOException on connection: Connect timed out
2026-01-24 23:53:23,228 [ERROR] ConfigurationRetriever:142 - IOException on connection: sw-center.st.com
2026-01-24 23:53:23,230 [ERROR] ConfigurationRetriever:142 - IOException on connection: sw-center.st.com
2026-01-24 23:53:23,231 [ERROR] ConfigurationRetriever:142 - IOException on connection: sw-center.st.com
